<?xml version="1.0" encoding="UTF-8" standalone="no"?>
<testsuite failures="1" name="cucumber.runtime.formatter.JUnitFormatter" skipped="0" tests="1" time="23.969989">
<testcase classname="Login" name="Login with invalid username and invalid password" time="23.969989">
<failure message="java.lang.AssertionError: A detailed report will be created at 'C:\arnab\CRAFT_Cucumber\CRAFT_Cucumber\target\test-classes\retest\recheck\cucumber.api.testng.AbstractTestNGCucumberTests.report'. You can review the details by using our CLI (https://github.com/retest/recheck.cli/) or GUI (https://retest.de/review/).&#10;&#10;3 check(s) in 'cucumber.api.testng.AbstractTestNGCucumberTests' found the following difference(s):&#10;Test 'feature' has 2 difference(s) in 3 state(s):&#10;00 resulted in:&#10;&#9;input (username) at 'html[1]/body[1]/div[1]/div[1]/div[1]/div[1]/div[1]/form[1]/div[1]/input[1]':&#10;&#9;&#9;id:&#10;&#9;&#9;  expected=&quot;username&quot;,&#10;&#9;&#9;    actual=&quot;email&quot;, breaks=&quot;AbstractTestNGCucumberTests.java:21&quot;&#10;01 resulted in:&#10;&#9;input (username) at 'html[1]/body[1]/div[1]/div[1]/div[1]/div[1]/div[1]/form[1]/div[1]/input[1]':&#10;&#9;&#9;id:&#10;&#9;&#9;  expected=&quot;username&quot;,&#10;&#9;&#9;    actual=&quot;email&quot;&#10;02 resulted in:&#10;&#9;input (username) at 'html[1]/body[1]/div[1]/div[1]/div[1]/div[1]/div[1]/form[1]/div[1]/input[1]':&#10;&#9;&#9;id:&#10;&#9;&#9;  expected=&quot;username&quot;,&#10;&#9;&#9;    actual=&quot;email&quot;&#13;&#10;&#9;at de.retest.recheck.RecheckImpl.capTest(RecheckImpl.java:189)&#13;&#10;&#9;at de.retest.web.selenium.AutocheckingRecheckDriver.capTest(AutocheckingRecheckDriver.java:84)&#13;&#10;&#9;at com.CucumberCraft.pageObjects.LoginPage.login(LoginPage.java:35)&#13;&#10;&#9;at com.CucumberCraft.stepDefinitions.LoginStepDefs.i_login_using_the_username_and_the_password(LoginStepDefs.java:44)&#13;&#10;&#9;at ✽.When I login using the username &quot;test@test.com&quot; and the password &quot;test&quot;(Login.feature:8)&#13;&#10;"><![CDATA[When I login using the username "test@test.com" and the password "test".....failed

StackTrace:
java.lang.AssertionError: A detailed report will be created at 'C:\arnab\CRAFT_Cucumber\CRAFT_Cucumber\target\test-classes\retest\recheck\cucumber.api.testng.AbstractTestNGCucumberTests.report'. You can review the details by using our CLI (https://github.com/retest/recheck.cli/) or GUI (https://retest.de/review/).

3 check(s) in 'cucumber.api.testng.AbstractTestNGCucumberTests' found the following difference(s):
Test 'feature' has 2 difference(s) in 3 state(s):
00 resulted in:
	input (username) at 'html[1]/body[1]/div[1]/div[1]/div[1]/div[1]/div[1]/form[1]/div[1]/input[1]':
		id:
		  expected="username",
		    actual="email", breaks="AbstractTestNGCucumberTests.java:21"
01 resulted in:
	input (username) at 'html[1]/body[1]/div[1]/div[1]/div[1]/div[1]/div[1]/form[1]/div[1]/input[1]':
		id:
		  expected="username",
		    actual="email"
02 resulted in:
	input (username) at 'html[1]/body[1]/div[1]/div[1]/div[1]/div[1]/div[1]/form[1]/div[1]/input[1]':
		id:
		  expected="username",
		    actual="email"
	at de.retest.recheck.RecheckImpl.capTest(RecheckImpl.java:189)
	at de.retest.web.selenium.AutocheckingRecheckDriver.capTest(AutocheckingRecheckDriver.java:84)
	at com.CucumberCraft.pageObjects.LoginPage.login(LoginPage.java:35)
	at com.CucumberCraft.stepDefinitions.LoginStepDefs.i_login_using_the_username_and_the_password(LoginStepDefs.java:44)
	at ✽.When I login using the username "test@test.com" and the password "test"(Login.feature:8)
]]></failure>
</testcase>
</testsuite>
