<?xml version="1.0" encoding="UTF-8"?>
<!-- Generated by org.testng.reporters.JUnitXMLReporter -->
<testsuite hostname="88LB0Z2" ignored="0" name="Smoke Tests using chrome2" tests="1" failures="1" timestamp="20 Dec 2020 21:13:40 GMT" time="25.594" errors="0">
  <testcase name="feature" time="25.105" classname="cucumber.api.testng.AbstractTestNGCucumberTests">
    <failure type="cucumber.runtime.CucumberException" message="java.lang.AssertionError: A detailed report will be created at &amp;apos;C:\arnab\CRAFT_Cucumber\CRAFT_Cucumber\target\test-classes\retest\recheck\cucumber.api.testng.AbstractTestNGCucumberTests.report&amp;apos;. You can review the details by using our CLI (https://github.com/retest/recheck.cli/) or GUI (https://retest.de/review/).

3 check(s) in &amp;apos;cucumber.api.testng.AbstractTestNGCucumberTests&amp;apos; found the following difference(s):
Test &amp;apos;feature&amp;apos; has 2 difference(s) in 3 state(s):
00 resulted in:
	input (username) at &amp;apos;html[1]/body[1]/div[1]/div[1]/div[1]/div[1]/div[1]/form[1]/div[1]/input[1]&amp;apos;:
		id:
		  expected=&amp;quot;username&amp;quot;,
		    actual=&amp;quot;email&amp;quot;, breaks=&amp;quot;AbstractTestNGCucumberTests.java:21&amp;quot;
01 resulted in:
	input (username) at &amp;apos;html[1]/body[1]/div[1]/div[1]/div[1]/div[1]/div[1]/form[1]/div[1]/input[1]&amp;apos;:
		id:
		  expected=&amp;quot;username&amp;quot;,
		    actual=&amp;quot;email&amp;quot;
02 resulted in:
	input (username) at &amp;apos;html[1]/body[1]/div[1]/div[1]/div[1]/div[1]/div[1]/form[1]/div[1]/input[1]&amp;apos;:
		id:
		  expected=&amp;quot;username&amp;quot;,
		    actual=&amp;quot;email&amp;quot;">
      <![CDATA[cucumber.runtime.CucumberException: java.lang.AssertionError: A detailed report will be created at 'C:\arnab\CRAFT_Cucumber\CRAFT_Cucumber\target\test-classes\retest\recheck\cucumber.api.testng.AbstractTestNGCucumberTests.report'. You can review the details by using our CLI (https://github.com/retest/recheck.cli/) or GUI (https://retest.de/review/).

3 check(s) in 'cucumber.api.testng.AbstractTestNGCucumberTests' found the following difference(s):
Test 'feature' has 2 difference(s) in 3 state(s):
00 resulted in:
	input (username) at 'html[1]/body[1]/div[1]/div[1]/div[1]/div[1]/div[1]/form[1]/div[1]/input[1]':
		id:
		  expected="username",
		    actual="email", breaks="AbstractTestNGCucumberTests.java:21"
01 resulted in:
	input (username) at 'html[1]/body[1]/div[1]/div[1]/div[1]/div[1]/div[1]/form[1]/div[1]/input[1]':
		id:
		  expected="username",
		    actual="email"
02 resulted in:
	input (username) at 'html[1]/body[1]/div[1]/div[1]/div[1]/div[1]/div[1]/form[1]/div[1]/input[1]':
		id:
		  expected="username",
		    actual="email"
	at cucumber.api.testng.TestNGCucumberRunner.runCucumber(TestNGCucumberRunner.java:69)
	at cucumber.api.testng.AbstractTestNGCucumberTests.feature(AbstractTestNGCucumberTests.java:21)
	at java.util.concurrent.FutureTask.run(Unknown Source)
	at java.util.concurrent.ThreadPoolExecutor.runWorker(Unknown Source)
	at java.util.concurrent.ThreadPoolExecutor$Worker.run(Unknown Source)
	at java.lang.Thread.run(Unknown Source)
Caused by: java.lang.AssertionError: A detailed report will be created at 'C:\arnab\CRAFT_Cucumber\CRAFT_Cucumber\target\test-classes\retest\recheck\cucumber.api.testng.AbstractTestNGCucumberTests.report'. You can review the details by using our CLI (https://github.com/retest/recheck.cli/) or GUI (https://retest.de/review/).

3 check(s) in 'cucumber.api.testng.AbstractTestNGCucumberTests' found the following difference(s):
Test 'feature' has 2 difference(s) in 3 state(s):
00 resulted in:
	input (username) at 'html[1]/body[1]/div[1]/div[1]/div[1]/div[1]/div[1]/form[1]/div[1]/input[1]':
		id:
		  expected="username",
		    actual="email", breaks="AbstractTestNGCucumberTests.java:21"
01 resulted in:
	input (username) at 'html[1]/body[1]/div[1]/div[1]/div[1]/div[1]/div[1]/form[1]/div[1]/input[1]':
		id:
		  expected="username",
		    actual="email"
02 resulted in:
	input (username) at 'html[1]/body[1]/div[1]/div[1]/div[1]/div[1]/div[1]/form[1]/div[1]/input[1]':
		id:
		  expected="username",
		    actual="email"
	at de.retest.recheck.RecheckImpl.capTest(RecheckImpl.java:189)
	at de.retest.web.selenium.AutocheckingRecheckDriver.capTest(AutocheckingRecheckDriver.java:84)
	at com.CucumberCraft.pageObjects.LoginPage.login(LoginPage.java:35)
	at com.CucumberCraft.stepDefinitions.LoginStepDefs.i_login_using_the_username_and_the_password(LoginStepDefs.java:44)
	at âœ½.When I login using the username "test@test.com" and the password "test"(Login.feature:8)
... Removed 16 stack frames]]>
    </failure>
  </testcase> <!-- feature -->
</testsuite> <!-- Smoke Tests using chrome2 -->
