<html>
<head>
<title>TestNG:  Smoke Tests using chrome2</title>
<link href="../testng.css" rel="stylesheet" type="text/css" />
<link href="../my-testng.css" rel="stylesheet" type="text/css" />

<style type="text/css">
.log { display: none;} 
.stack-trace { display: none;} 
</style>
<script type="text/javascript">
<!--
function flip(e) {
  current = e.style.display;
  if (current == 'block') {
    e.style.display = 'none';
    return 0;
  }
  else {
    e.style.display = 'block';
    return 1;
  }
}

function toggleBox(szDivId, elem, msg1, msg2)
{
  var res = -1;  if (document.getElementById) {
    res = flip(document.getElementById(szDivId));
  }
  else if (document.all) {
    // this is the way old msie versions work
    res = flip(document.all[szDivId]);
  }
  if(elem) {
    if(res == 0) elem.innerHTML = msg1; else elem.innerHTML = msg2;
  }

}

function toggleAllBoxes() {
  if (document.getElementsByTagName) {
    d = document.getElementsByTagName('div');
    for (i = 0; i < d.length; i++) {
      if (d[i].className == 'log') {
        flip(d[i]);
      }
    }
  }
}

// -->
</script>

</head>
<body>
<h2 align='center'>Smoke Tests using chrome2</h2><table border='1' align="center">
<tr>
<td>Tests passed/Failed/Skipped:</td><td>0/1/0</td>
</tr><tr>
<td>Started on:</td><td>Sun Dec 20 21:13:15 GMT 2020</td>
</tr>
<tr><td>Total time:</td><td>25 seconds (25594 ms)</td>
</tr><tr>
<td>Included groups:</td><td></td>
</tr><tr>
<td>Excluded groups:</td><td></td>
</tr>
</table><p/>
<small><i>(Hover the method name to see the test class name)</i></small><p/>
<table width='100%' border='1' class='invocation-failed'>
<tr><td colspan='4' align='center'><b>FAILED TESTS</b></td></tr>
<tr><td><b>Test method</b></td>
<td width="30%"><b>Exception</b></td>
<td width="10%"><b>Time (seconds)</b></td>
<td><b>Instance</b></td>
</tr>
<tr>
<td title='com.CucumberCraft.TestNGrunners.RunCucumberTests_Smoke.Smoke Tests using chrome2 - feature - ()'><b>Smoke Tests using chrome2 - feature - </b><br>Test class: com.CucumberCraft.TestNGrunners.RunCucumberTests_Smoke<br>Test method: Runs Cucumber Feature<br>Parameters: Login</td>
<td><div><pre>cucumber.runtime.CucumberException: java.lang.AssertionError: A detailed report will be created at &apos;C:\arnab\CRAFT_Cucumber\CRAFT_Cucumber\target\test-classes\retest\recheck\cucumber.api.testng.AbstractTestNGCucumberTests.report&apos;. You can review the details by using our CLI (https://github.com/retest/recheck.cli/) or GUI (https://retest.de/review/).

3 check(s) in &apos;cucumber.api.testng.AbstractTestNGCucumberTests&apos; found the following difference(s):
Test &apos;feature&apos; has 2 difference(s) in 3 state(s):
00 resulted in:
	input (username) at &apos;html[1]/body[1]/div[1]/div[1]/div[1]/div[1]/div[1]/form[1]/div[1]/input[1]&apos;:
		id:
		  expected=&quot;username&quot;,
		    actual=&quot;email&quot;, breaks=&quot;AbstractTestNGCucumberTests.java:21&quot;
01 resulted in:
	input (username) at &apos;html[1]/body[1]/div[1]/div[1]/div[1]/div[1]/div[1]/form[1]/div[1]/input[1]&apos;:
		id:
		  expected=&quot;username&quot;,
		    actual=&quot;email&quot;
02 resulted in:
	input (username) at &apos;html[1]/body[1]/div[1]/div[1]/div[1]/div[1]/div[1]/form[1]/div[1]/input[1]&apos;:
		id:
		  expected=&quot;username&quot;,
		    actual=&quot;email&quot;
	at cucumber.api.testng.TestNGCucumberRunner.runCucumber(TestNGCucumberRunner.java:69)
	at cucumber.api.testng.AbstractTestNGCucumberTests.feature(AbstractTestNGCucumberTests.java:21)
	at java.util.concurrent.FutureTask.run(Unknown Source)
	at java.util.concurrent.ThreadPoolExecutor.runWorker(Unknown Source)
	at java.util.concurrent.ThreadPoolExecutor$Worker.run(Unknown Source)
	at java.lang.Thread.run(Unknown Source)
Caused by: java.lang.AssertionError: A detailed report will be created at &apos;C:\arnab\CRAFT_Cucumber\CRAFT_Cucumber\target\test-classes\retest\recheck\cucumber.api.testng.AbstractTestNGCucumberTests.report&apos;. You can review the details by using our CLI (https://github.com/retest/recheck.cli/) or GUI (https://retest.de/review/).

3 check(s) in &apos;cucumber.api.testng.AbstractTestNGCucumberTests&apos; found the following difference(s):
Test &apos;feature&apos; has 2 difference(s) in 3 state(s):
00 resulted in:
	input (username) at &apos;html[1]/body[1]/div[1]/div[1]/div[1]/div[1]/div[1]/form[1]/div[1]/input[1]&apos;:
		id:
		  expected=&quot;username&quot;,
		    actual=&quot;email&quot;, breaks=&quot;AbstractTestNGCucumberTests.java:21&quot;
01 resulted in:
	input (username) at &apos;html[1]/body[1]/div[1]/div[1]/div[1]/div[1]/div[1]/form[1]/div[1]/input[1]&apos;:
		id:
		  expected=&quot;username&quot;,
		    actual=&quot;email&quot;
02 resulted in:
	input (username) at &apos;html[1]/body[1]/div[1]/div[1]/div[1]/div[1]/div[1]/form[1]/div[1]/input[1]&apos;:
		id:
		  expected=&quot;username&quot;,
		    actual=&quot;email&quot;
	at de.retest.recheck.RecheckImpl.capTest(RecheckImpl.java:189)
	at de.retest.web.selenium.AutocheckingRecheckDriver.capTest(AutocheckingRecheckDriver.java:84)
	at com.CucumberCraft.pageObjects.LoginPage.login(LoginPage.java:35)
	at com.CucumberCraft.stepDefinitions.LoginStepDefs.i_login_using_the_username_and_the_password(LoginStepDefs.java:44)
	at ?.When I login using the username &quot;test@test.com&quot; and the password &quot;test&quot;(Login.feature:8)
... Removed 16 stack frames</pre></div><a href='#' onClick='toggleBox("stack-trace1424726885", this, "Click to show all stack frames", "Click to hide stack frames")'>Click to show all stack frames</a>
<div class='stack-trace' id='stack-trace1424726885'><pre>cucumber.runtime.CucumberException: java.lang.AssertionError: A detailed report will be created at &apos;C:\arnab\CRAFT_Cucumber\CRAFT_Cucumber\target\test-classes\retest\recheck\cucumber.api.testng.AbstractTestNGCucumberTests.report&apos;. You can review the details by using our CLI (https://github.com/retest/recheck.cli/) or GUI (https://retest.de/review/).

3 check(s) in &apos;cucumber.api.testng.AbstractTestNGCucumberTests&apos; found the following difference(s):
Test &apos;feature&apos; has 2 difference(s) in 3 state(s):
00 resulted in:
	input (username) at &apos;html[1]/body[1]/div[1]/div[1]/div[1]/div[1]/div[1]/form[1]/div[1]/input[1]&apos;:
		id:
		  expected=&quot;username&quot;,
		    actual=&quot;email&quot;, breaks=&quot;AbstractTestNGCucumberTests.java:21&quot;
01 resulted in:
	input (username) at &apos;html[1]/body[1]/div[1]/div[1]/div[1]/div[1]/div[1]/form[1]/div[1]/input[1]&apos;:
		id:
		  expected=&quot;username&quot;,
		    actual=&quot;email&quot;
02 resulted in:
	input (username) at &apos;html[1]/body[1]/div[1]/div[1]/div[1]/div[1]/div[1]/form[1]/div[1]/input[1]&apos;:
		id:
		  expected=&quot;username&quot;,
		    actual=&quot;email&quot;
	at cucumber.api.testng.TestNGCucumberRunner.runCucumber(TestNGCucumberRunner.java:69)
	at cucumber.api.testng.AbstractTestNGCucumberTests.feature(AbstractTestNGCucumberTests.java:21)
	at sun.reflect.NativeMethodAccessorImpl.invoke0(Native Method)
	at sun.reflect.NativeMethodAccessorImpl.invoke(Unknown Source)
	at sun.reflect.DelegatingMethodAccessorImpl.invoke(Unknown Source)
	at java.lang.reflect.Method.invoke(Unknown Source)
	at org.testng.internal.MethodInvocationHelper.invokeMethod(MethodInvocationHelper.java:108)
	at org.testng.internal.Invoker.invokeMethod(Invoker.java:661)
	at org.testng.internal.Invoker.invokeTestMethod(Invoker.java:869)
	at org.testng.internal.Invoker.invokeTestMethods(Invoker.java:1193)
	at org.testng.internal.TestMethodWorker.invokeTestMethods(TestMethodWorker.java:126)
	at org.testng.internal.TestMethodWorker.run(TestMethodWorker.java:109)
	at org.testng.TestRunner.privateRun(TestRunner.java:744)
	at org.testng.TestRunner.run(TestRunner.java:602)
	at org.testng.SuiteRunner.runTest(SuiteRunner.java:380)
	at org.testng.SuiteRunner.access$000(SuiteRunner.java:39)
	at org.testng.SuiteRunner$SuiteWorker.run(SuiteRunner.java:414)
	at org.testng.internal.thread.ThreadUtil$1.call(ThreadUtil.java:52)
	at java.util.concurrent.FutureTask.run(Unknown Source)
	at java.util.concurrent.ThreadPoolExecutor.runWorker(Unknown Source)
	at java.util.concurrent.ThreadPoolExecutor$Worker.run(Unknown Source)
	at java.lang.Thread.run(Unknown Source)
Caused by: java.lang.AssertionError: A detailed report will be created at &apos;C:\arnab\CRAFT_Cucumber\CRAFT_Cucumber\target\test-classes\retest\recheck\cucumber.api.testng.AbstractTestNGCucumberTests.report&apos;. You can review the details by using our CLI (https://github.com/retest/recheck.cli/) or GUI (https://retest.de/review/).

3 check(s) in &apos;cucumber.api.testng.AbstractTestNGCucumberTests&apos; found the following difference(s):
Test &apos;feature&apos; has 2 difference(s) in 3 state(s):
00 resulted in:
	input (username) at &apos;html[1]/body[1]/div[1]/div[1]/div[1]/div[1]/div[1]/form[1]/div[1]/input[1]&apos;:
		id:
		  expected=&quot;username&quot;,
		    actual=&quot;email&quot;, breaks=&quot;AbstractTestNGCucumberTests.java:21&quot;
01 resulted in:
	input (username) at &apos;html[1]/body[1]/div[1]/div[1]/div[1]/div[1]/div[1]/form[1]/div[1]/input[1]&apos;:
		id:
		  expected=&quot;username&quot;,
		    actual=&quot;email&quot;
02 resulted in:
	input (username) at &apos;html[1]/body[1]/div[1]/div[1]/div[1]/div[1]/div[1]/form[1]/div[1]/input[1]&apos;:
		id:
		  expected=&quot;username&quot;,
		    actual=&quot;email&quot;
	at de.retest.recheck.RecheckImpl.capTest(RecheckImpl.java:189)
	at de.retest.web.selenium.AutocheckingRecheckDriver.capTest(AutocheckingRecheckDriver.java:84)
	at com.CucumberCraft.pageObjects.LoginPage.login(LoginPage.java:35)
	at com.CucumberCraft.stepDefinitions.LoginStepDefs.i_login_using_the_username_and_the_password(LoginStepDefs.java:44)
	at ?.When I login using the username &quot;test@test.com&quot; and the password &quot;test&quot;(Login.feature:8)
</pre></div></td>
<td>25</td>
<td>com.CucumberCraft.TestNGrunners.RunCucumberTests_Smoke@44a664f2</td></tr>
</table><p>
</body>
</html>